# JRE version: Java(TM) SE Runtime Environment (25.0.2+10) (build 25.0.2+10-LTS-69)
# Java VM: Java HotSpot(TM) 64-Bit Server VM (25.0.2+10-LTS-69, mixed mode, sharing, tiered, compressed oops, compressed class ptrs, g1 gc, windows-amd64)
GC Precious Log:
 CardTable entry size: 512
 Card Set container configuration: InlinePtr #cards 5 size 8 Array Of Cards #cards 10 size 36 Howl #buckets 4 coarsen threshold 1843 Howl Bitmap #cards 512 size 80 coarsen threshold 460 Card regions per heap region 1 cards per card region 2048
 CPUs: 12 total, 12 available
 Memory: 14188M
 Large Page Support: Disabled
 NUMA Support: Disabled
 Compressed Oops: Enabled (32-bit)
 Heap Region Size: 1M
 Heap Min Capacity: 8M
 Heap Initial Capacity: 222M
 Heap Max Capacity: 2G
 Pre-touch: Disabled
 Parallel Workers: 10
 Concurrent Workers: 3
 Concurrent Refinement Workers: 10
 Periodic GC: Disabled
Heap:
 garbage-first heap   total reserved 2097152K, committed 265216K, used 162816K [0x0000000080000000, 0x0000000100000000)
  region size 1024K, 12 young (12288K), 12 survivors (12288K)
GC Heap Usage History (20 events):
Event: 20.442 {heap After GC invocations=42 (full 0):
 garbage-first heap   total reserved 2097152K, committed 195584K, used 127027K [0x0000000080000000, 0x0000000100000000)
  region size 1024K, 2 young (2048K), 2 survivors (2048K)
}
Event: 20.967 {heap Before GC invocations=43 (full 0):
 garbage-first heap   total reserved 2097152K, committed 217088K, used 177203K [0x0000000080000000, 0x0000000100000000)
  region size 1024K, 49 young (50176K), 2 survivors (2048K)
}
Event: 20.975 {heap After GC invocations=44 (full 0):
 garbage-first heap   total reserved 2097152K, committed 217088K, used 141543K [0x0000000080000000, 0x0000000100000000)
  region size 1024K, 7 young (7168K), 7 survivors (7168K)
}
Event: 21.970 {heap Before GC invocations=44 (full 0):
 garbage-first heap   total reserved 2097152K, committed 217088K, used 189671K [0x0000000080000000, 0x0000000100000000)
  region size 1024K, 54 young (55296K), 7 survivors (7168K)
}
Event: 21.980 {heap After GC invocations=45 (full 0):
 garbage-first heap   total reserved 2097152K, committed 217088K, used 146663K [0x0000000080000000, 0x0000000100000000)
  region size 1024K, 6 young (6144K), 6 survivors (6144K)
}
Event: 22.688 {heap Before GC invocations=45 (full 0):
 garbage-first heap   total reserved 2097152K, committed 217088K, used 193767K [0x0000000080000000, 0x0000000100000000)
  region size 1024K, 52 young (53248K), 6 survivors (6144K)
}
Event: 22.693 {heap After GC invocations=46 (full 0):
 garbage-first heap   total reserved 2097152K, committed 217088K, used 149152K [0x0000000080000000, 0x0000000100000000)
  region size 1024K, 2 young (2048K), 2 survivors (2048K)
}
Event: 279.286 {heap Before GC invocations=47 (full 0):
 garbage-first heap   total reserved 2097152K, committed 249856K, used 197280K [0x0000000080000000, 0x0000000100000000)
  region size 1024K, 49 young (50176K), 2 survivors (2048K)
}
Event: 279.315 {heap After GC invocations=48 (full 0):
 garbage-first heap   total reserved 2097152K, committed 249856K, used 148791K [0x0000000080000000, 0x0000000100000000)
  region size 1024K, 4 young (4096K), 4 survivors (4096K)
}
Event: 281.264 {heap Before GC invocations=48 (full 0):
 garbage-first heap   total reserved 2097152K, committed 249856K, used 215351K [0x0000000080000000, 0x0000000100000000)
  region size 1024K, 70 young (71680K), 4 survivors (4096K)
}
Event: 281.315 {heap After GC invocations=49 (full 0):
 garbage-first heap   total reserved 2097152K, committed 249856K, used 153341K [0x0000000080000000, 0x0000000100000000)
  region size 1024K, 9 young (9216K), 9 survivors (9216K)
}
Event: 284.301 {heap Before GC invocations=49 (full 0):
 garbage-first heap   total reserved 2097152K, committed 249856K, used 219901K [0x0000000080000000, 0x0000000100000000)
  region size 1024K, 75 young (76800K), 9 survivors (9216K)
}
Event: 284.314 {heap After GC invocations=50 (full 0):
 garbage-first heap   total reserved 2097152K, committed 249856K, used 158541K [0x0000000080000000, 0x0000000100000000)
  region size 1024K, 10 young (10240K), 10 survivors (10240K)
}
Event: 284.579 {heap Before GC invocations=51 (full 0):
 garbage-first heap   total reserved 2097152K, committed 265216K, used 225101K [0x0000000080000000, 0x0000000100000000)
  region size 1024K, 75 young (76800K), 10 survivors (10240K)
}
Event: 284.594 {heap After GC invocations=52 (full 0):
 garbage-first heap   total reserved 2097152K, committed 265216K, used 161905K [0x0000000080000000, 0x0000000100000000)
  region size 1024K, 8 young (8192K), 8 survivors (8192K)
}
Event: 285.929 {heap Before GC invocations=52 (full 0):
 garbage-first heap   total reserved 2097152K, committed 265216K, used 236657K [0x0000000080000000, 0x0000000100000000)
  region size 1024K, 81 young (82944K), 8 survivors (8192K)
}
Event: 285.941 {heap After GC invocations=53 (full 0):
 garbage-first heap   total reserved 2097152K, committed 265216K, used 165415K [0x0000000080000000, 0x0000000100000000)
  region size 1024K, 8 young (8192K), 8 survivors (8192K)
}
Event: 286.533 {heap Before GC invocations=53 (full 0):
 garbage-first heap   total reserved 2097152K, committed 265216K, used 241191K [0x0000000080000000, 0x0000000100000000)
  region size 1024K, 81 young (82944K), 8 survivors (8192K)
}
Event: 286.553 {heap After GC invocations=54 (full 0):
 garbage-first heap   total reserved 2097152K, committed 265216K, used 155284K [0x0000000080000000, 0x0000000100000000)
  region size 1024K, 9 young (9216K), 9 survivors (9216K)
}
Event: 292.820 {heap Before GC invocations=54 (full 0):
 garbage-first heap   total reserved 2097152K, committed 265216K, used 238228K [0x0000000080000000, 0x0000000100000000)
  region size 1024K, 91 young (93184K), 9 survivors (9216K)
}

